#
# A fatal error has been detected by the Java Runtime Environment:
#
#  EXCEPTION_ACCESS_VIOLATION (0xc0000005) at pc=0x0000000070e182b5, pid=860, tid=2876
#
# JRE version: Java(TM) SE Runtime Environment (8.0_45-b14) (build 1.8.0_45-b14)
# Java VM: Java HotSpot(TM) 64-Bit Server VM (25.45-b02 mixed mode windows-amd64 compressed oops)
# Problematic frame:
# V  [jvm.dll+0x1282b5]
#
# Failed to write core dump. Minidumps are not enabled by default on client versions of Windows
#
# If you would like to submit a bug report, please visit:
#   http://bugreport.java.com/bugreport/crash.jsp
#

---------------  T H R E A D  ---------------

Current thread (0x00000000140c3800):  JavaThread "JDWP Transport Listener: dt_socket" daemon [_thread_in_vm, id=2876, stack(0x0000000014ff0000,0x00000000150f0000)]

siginfo: ExceptionCode=0xc0000005, reading address 0xffffffffffffffff

Registers:
RAX=0x00000000150ef701, RBX=0x00000000140c3800, RCX=0x616a4c293b746365, RDX=0x0000000000000000
RSP=0x00000000150ef6c0, RBP=0x616a4c293b746365, RSI=0x00000000150ef7d8, RDI=0x00000000002aa390
R8 =0x00000000140c3800, R9 =0x0000000000008000, R10=0x0000000000000000, R11=0x00000000150ef9b3
R12=0x0000000000000000, R13=0x00000000140cdaf8, R14=0x0000000000000000, R15=0x0000000000000000
RIP=0x0000000070e182b5, EFLAGS=0x0000000000010206

Top of Stack: (sp=0x00000000150ef6c0)
0x00000000150ef6c0:   00000000140c3800 00000000140c3800
0x00000000150ef6d0:   00000000150ef788 000000007101c7db
0x00000000150ef6e0:   00000000140c3800 000000007103903d
0x00000000150ef6f0:   0000000000000000 00000000709a9155
0x00000000150ef700:   000000001415c888 00000000709b291e
0x00000000150ef710:   00000000140c3800 0000000000000000
0x00000000150ef720:   0000000000000000 0000000000000000
0x00000000150ef730:   616a4c293b746365 00000000709b1a15
0x00000000150ef740:   00000000150ef7d8 00000000150ef7b0
0x00000000150ef750:   0000000000000001 000000001415c888
0x00000000150ef760:   616a4c293b746365 00000000709953b3
0x00000000150ef770:   00000000150ef8a0 0000000000000001
0x00000000150ef780:   0000000000000001 000000001415c888
0x00000000150ef790:   00000000f000100a 0000000000000000
0x00000000150ef7a0:   0000000000000000 0000000000000000
0x00000000150ef7b0:   0000000000000001 0000000070995571 

Instructions: (pc=0x0000000070e182b5)
0x0000000070e18295:   cc cc cc cc cc cc cc cc cc cc cc 48 83 ec 28 48
0x0000000070e182a5:   85 c9 75 07 33 c0 48 83 c4 28 c3 48 89 5c 24 20
0x0000000070e182b5:   48 8b 19 48 85 db 74 20 48 83 fb 37 74 1a 48 8b
0x0000000070e182c5:   13 48 8b cb ff 52 10 84 c0 74 0d 48 8b c3 48 8b 


Register to memory mapping:

RAX=0x00000000150ef701 is pointing into the stack for thread: 0x00000000140c3800
RBX=0x00000000140c3800 is a thread
RCX=0x616a4c293b746365 is an unknown value
RDX=0x0000000000000000 is an unknown value
RSP=0x00000000150ef6c0 is pointing into the stack for thread: 0x00000000140c3800
RBP=0x616a4c293b746365 is an unknown value
RSI=0x00000000150ef7d8 is pointing into the stack for thread: 0x00000000140c3800
RDI=0x00000000002aa390 is an unknown value
R8 =0x00000000140c3800 is a thread
R9 =0x0000000000008000 is an unknown value
R10=0x0000000000000000 is an unknown value
R11=0x00000000150ef9b3 is pointing into the stack for thread: 0x00000000140c3800
R12=0x0000000000000000 is an unknown value
R13=0x00000000140cdaf8 is an unknown value
R14=0x0000000000000000 is an unknown value
R15=0x0000000000000000 is an unknown value


Stack: [0x0000000014ff0000,0x00000000150f0000],  sp=0x00000000150ef6c0,  free space=1021k
Native frames: (J=compiled Java code, j=interpreted, Vv=VM code, C=native code)
V  [jvm.dll+0x1282b5]
V  [jvm.dll+0x34903d]
C  [jdwp.dll+0x21a15]
C  [jdwp.dll+0x53b3]
C  [jdwp.dll+0x5571]
C  [jdwp.dll+0xf0a8]
C  [jdwp.dll+0x1f2d5]
C  [jdwp.dll+0x1f4aa]
V  [jvm.dll+0x1bae98]
V  [jvm.dll+0x241984]
V  [jvm.dll+0x29853a]
C  [msvcr100.dll+0x21d9f]
C  [msvcr100.dll+0x21e3b]
C  [KERNEL32.DLL+0x13d2]
C  [ntdll.dll+0x15444]


---------------  P R O C E S S  ---------------

Java Threads: ( => current thread )
  0x0000000014149800 JavaThread "Service Thread" daemon [_thread_blocked, id=6336, stack(0x00000000154f0000,0x00000000155f0000)]
  0x00000000140ee800 JavaThread "C1 CompilerThread1" daemon [_thread_blocked, id=4784, stack(0x00000000153f0000,0x00000000154f0000)]
  0x00000000140eb800 JavaThread "C2 CompilerThread0" daemon [_thread_blocked, id=2400, stack(0x00000000152f0000,0x00000000153f0000)]
  0x00000000140d1800 JavaThread "JDWP Command Reader" daemon [_thread_in_native, id=4520, stack(0x00000000151f0000,0x00000000152f0000)]
  0x00000000140cf800 JavaThread "JDWP Event Helper Thread" daemon [_thread_blocked, id=6168, stack(0x00000000150f0000,0x00000000151f0000)]
=>0x00000000140c3800 JavaThread "JDWP Transport Listener: dt_socket" daemon [_thread_in_vm, id=2876, stack(0x0000000014ff0000,0x00000000150f0000)]
  0x00000000140bb800 JavaThread "Attach Listener" daemon [_thread_blocked, id=388, stack(0x0000000014ef0000,0x0000000014ff0000)]
  0x00000000140b8800 JavaThread "Signal Dispatcher" daemon [_thread_blocked, id=3860, stack(0x0000000014df0000,0x0000000014ef0000)]
  0x0000000001dc5800 JavaThread "Finalizer" daemon [_thread_blocked, id=4260, stack(0x0000000014cf0000,0x0000000014df0000)]
  0x0000000001dbd800 JavaThread "Reference Handler" daemon [_thread_blocked, id=6860, stack(0x0000000014bf0000,0x0000000014cf0000)]
  0x0000000001cd2800 JavaThread "main" [_thread_blocked, id=7064, stack(0x0000000001bd0000,0x0000000001cd0000)]

Other Threads:
  0x0000000014086800 VMThread [stack: 0x0000000014af0000,0x0000000014bf0000] [id=2060]
  0x00000000140f0000 WatcherThread [stack: 0x00000000155f0000,0x00000000156f0000] [id=4828]

VM state:not at safepoint (normal execution)

VM Mutex/Monitor currently owned by a thread: None

Heap:
 PSYoungGen      total 18432K, used 1905K [0x00000000eb980000, 0x00000000ece00000, 0x0000000100000000)
  eden space 15872K, 12% used [0x00000000eb980000,0x00000000ebb5c400,0x00000000ec900000)
  from space 2560K, 0% used [0x00000000ecb80000,0x00000000ecb80000,0x00000000ece00000)
  to   space 2560K, 0% used [0x00000000ec900000,0x00000000ec900000,0x00000000ecb80000)
 ParOldGen       total 42496K, used 0K [0x00000000c2c00000, 0x00000000c5580000, 0x00000000eb980000)
  object space 42496K, 0% used [0x00000000c2c00000,0x00000000c2c00000,0x00000000c5580000)
 Metaspace       used 3240K, capacity 4564K, committed 4864K, reserved 1056768K
  class space    used 351K, capacity 388K, committed 512K, reserved 1048576K

Card table byte_map: [0x0000000011190000,0x0000000011380000] byte_map_base: 0x0000000010b7a000

Marking Bits: (ParMarkBitMap*) 0x00000000714f4040
 Begin Bits: [0x00000000116d0000, 0x0000000012620000)
 End Bits:   [0x0000000012620000, 0x0000000013570000)

Polling page: 0x00000000002b0000

CodeCache: size=245760Kb used=1198Kb max_used=1198Kb free=244561Kb
 bounds [0x0000000001dd0000, 0x0000000002040000, 0x0000000010dd0000]
 total_blobs=326 nmethods=62 adapters=186
 compilation: enabled

Compilation events (10 events):
Event: 0.404 Thread 0x00000000140ee800   58       3       java.lang.StringBuilder::toString (17 bytes)
Event: 0.404 Thread 0x00000000140ee800 nmethod 58 0x0000000001ef55d0 code [0x0000000001ef5740, 0x0000000001ef5948]
Event: 0.407 Thread 0x00000000140ee800   59       3       java.lang.AbstractStringBuilder::expandCapacity (50 bytes)
Event: 0.408 Thread 0x00000000140ee800 nmethod 59 0x0000000001ef5a10 code [0x0000000001ef5bc0, 0x0000000001ef6138]
Event: 0.434 Thread 0x00000000140ee800   60       3       sun.nio.fs.WindowsPathParser::isSlash (18 bytes)
Event: 0.434 Thread 0x00000000140ee800 nmethod 60 0x0000000001ef7050 code [0x0000000001ef71a0, 0x0000000001ef7370]
Event: 0.435 Thread 0x00000000140ee800   61       3       sun.nio.fs.WindowsPathParser::isInvalidPathChar (22 bytes)
Event: 0.435 Thread 0x00000000140ee800 nmethod 61 0x0000000001ef73d0 code [0x0000000001ef7540, 0x0000000001ef78c8]
Event: 0.439 Thread 0x00000000140ee800   62       3       java.io.WinNTFileSystem::normalize (143 bytes)
Event: 0.440 Thread 0x00000000140ee800 nmethod 62 0x0000000001ef9790 code [0x0000000001ef9980, 0x0000000001efa208]

GC Heap History (0 events):
No events

Deoptimization events (0 events):
No events

Internal exceptions (2 events):
Event: 0.111 Thread 0x0000000001cd2800 Exception <a 'java/lang/NoSuchMethodError': Method sun.misc.Unsafe.defineClass(Ljava/lang/String;[BII)Ljava/lang/Class; name or signature does not match> (0x00000000eb98df90) thrown at [C:\re\workspace\8-2-build-windows-amd64-cygwin\jdk8u45\3457\hotspot\srf'•çøÜº?
Event: 0.111 Thread 0x0000000001cd2800 Exception <a 'java/lang/NoSuchMethodError': Method sun.misc.Unsafe.prefetchRead(Ljava/lang/Object;J)V name or signature does not match> (0x00000000eb98e220) thrown at [C:\re\workspace\8-2-build-windows-amd64-cygwin\jdk8u45\3457\hotspot\src\share\vm\prims\j

Events (10 events):
Event: 433.072 Executing VM operation: RedefineClasses
Event: 433.072 Executing VM operation: RedefineClasses done
Event: 433.076 Executing VM operation: ChangeBreakpoints
Event: 433.076 Executing VM operation: ChangeBreakpoints done
Event: 471.425 Executing VM operation: ChangeBreakpoints
Event: 471.425 Executing VM operation: ChangeBreakpoints done
Event: 1174.622 Executing VM operation: RedefineClasses
Event: 1174.622 Executing VM operation: RedefineClasses done
Event: 1377.012 Executing VM operation: RedefineClasses
Event: 1377.012 Executing VM operation: RedefineClasses done


Dynamic libraries:
0x00007ff659310000 - 0x00007ff659347000 	C:\Program Files\Java\jdk1.8.0_45\bin\java.exe
0x00007ffd5d100000 - 0x00007ffd5d2ac000 	C:\WINDOWS\SYSTEM32\ntdll.dll
0x00007ffd5af80000 - 0x00007ffd5b0be000 	C:\WINDOWS\system32\KERNEL32.DLL
0x00007ffd5a600000 - 0x00007ffd5a715000 	C:\WINDOWS\system32\KERNELBASE.dll
0x00007ffd58c40000 - 0x00007ffd58cce000 	C:\WINDOWS\system32\apphelp.dll
0x00007ffd54f00000 - 0x00007ffd54f53000 	C:\WINDOWS\AppPatch\AppPatch64\AcGenral.DLL
0x00007ffd5a7a0000 - 0x00007ffd5a84a000 	C:\WINDOWS\system32\msvcrt.dll
0x00007ffd5a020000 - 0x00007ffd5a04e000 	C:\WINDOWS\SYSTEM32\SspiCli.dll
0x00007ffd5cc40000 - 0x00007ffd5cc94000 	C:\WINDOWS\system32\SHLWAPI.dll
0x00007ffd5b0c0000 - 0x00007ffd5b237000 	C:\WINDOWS\system32\USER32.dll
0x00007ffd5a850000 - 0x00007ffd5a9e4000 	C:\WINDOWS\system32\ole32.dll
0x00007ffd5b4a0000 - 0x00007ffd5c9b8000 	C:\WINDOWS\system32\SHELL32.dll
0x00007ffd597f0000 - 0x00007ffd59811000 	C:\WINDOWS\SYSTEM32\USERENV.dll
0x00007ffd5d050000 - 0x00007ffd5d0fa000 	C:\WINDOWS\system32\ADVAPI32.dll
0x00007ffd510e0000 - 0x00007ffd510fe000 	C:\WINDOWS\SYSTEM32\MPR.dll
0x00007ffd5b240000 - 0x00007ffd5b381000 	C:\WINDOWS\system32\RPCRT4.dll
0x00007ffd5b440000 - 0x00007ffd5b499000 	C:\WINDOWS\SYSTEM32\sechost.dll
0x00007ffd5c9c0000 - 0x00007ffd5cbd1000 	C:\WINDOWS\SYSTEM32\combase.dll
0x00007ffd5cee0000 - 0x00007ffd5d031000 	C:\WINDOWS\system32\GDI32.dll
0x00007ffd5a250000 - 0x00007ffd5a265000 	C:\WINDOWS\SYSTEM32\profapi.dll
0x00007ffd58230000 - 0x00007ffd582e2000 	C:\WINDOWS\SYSTEM32\SHCORE.dll
0x00007ffd5b390000 - 0x00007ffd5b3c6000 	C:\WINDOWS\system32\IMM32.DLL
0x00007ffd5cd60000 - 0x00007ffd5ceb2000 	C:\WINDOWS\system32\MSCTF.dll
0x00007ffd579f0000 - 0x00007ffd57c6b000 	C:\WINDOWS\WinSxS\amd64_microsoft.windows.common-controls_6595b64144ccf1df_6.0.9600.17415_none_6240486fecbd8abb\COMCTL32.dll
0x0000000071580000 - 0x0000000071652000 	C:\Program Files\Java\jdk1.8.0_45\jre\bin\msvcr100.dll
0x0000000070cf0000 - 0x0000000071573000 	C:\Program Files\Java\jdk1.8.0_45\jre\bin\server\jvm.dll
0x00007ffd539e0000 - 0x00007ffd539e9000 	C:\WINDOWS\SYSTEM32\WSOCK32.dll
0x00007ffd52660000 - 0x00007ffd52682000 	C:\WINDOWS\SYSTEM32\WINMM.dll
0x00007ffd539d0000 - 0x00007ffd539da000 	C:\WINDOWS\SYSTEM32\VERSION.dll
0x00007ffd5b3d0000 - 0x00007ffd5b3d7000 	C:\WINDOWS\system32\PSAPI.DLL
0x00007ffd5b3e0000 - 0x00007ffd5b43a000 	C:\WINDOWS\system32\WS2_32.dll
0x00007ffd51f60000 - 0x00007ffd51f8a000 	C:\WINDOWS\SYSTEM32\WINMMBASE.dll
0x00007ffd5d040000 - 0x00007ffd5d049000 	C:\WINDOWS\system32\NSI.dll
0x00007ffd5a320000 - 0x00007ffd5a36f000 	C:\WINDOWS\SYSTEM32\cfgmgr32.dll
0x00007ffd59050000 - 0x00007ffd59078000 	C:\WINDOWS\SYSTEM32\DEVOBJ.dll
0x0000000071cf0000 - 0x0000000071cff000 	C:\Program Files\Java\jdk1.8.0_45\jre\bin\verify.dll
0x0000000070cc0000 - 0x0000000070ce9000 	C:\Program Files\Java\jdk1.8.0_45\jre\bin\java.dll
0x0000000070990000 - 0x00000000709c5000 	C:\Program Files\Java\jdk1.8.0_45\jre\bin\jdwp.dll
0x0000000070be0000 - 0x0000000070be8000 	C:\Program Files\Java\jdk1.8.0_45\jre\bin\npt.dll
0x0000000070ca0000 - 0x0000000070cb6000 	C:\Program Files\Java\jdk1.8.0_45\jre\bin\zip.dll
0x0000000070980000 - 0x0000000070989000 	C:\Program Files\Java\jdk1.8.0_45\jre\bin\dt_socket.dll
0x00007ffd59a60000 - 0x00007ffd59ab9000 	C:\WINDOWS\system32\mswsock.dll
0x0000000070c80000 - 0x0000000070c9a000 	C:\Program Files\Java\jdk1.8.0_45\jre\bin\net.dll
0x0000000070bf0000 - 0x0000000070c01000 	C:\Program Files\Java\jdk1.8.0_45\jre\bin\nio.dll
0x00007ffd539f0000 - 0x00007ffd53b7a000 	C:\WINDOWS\SYSTEM32\dbghelp.dll

VM Arguments:
jvm_args: -agentlib:jdwp=transport=dt_socket,address=127.0.0.1:7230,suspend=y,server=n -Dfile.encoding=windows-1252 
java_command: FileCreator
java_class_path (initial): C:\Program Files\Java\jdk1.8.0_45\jre\lib\charsets.jar;C:\Program Files\Java\jdk1.8.0_45\jre\lib\deploy.jar;C:\Program Files\Java\jdk1.8.0_45\jre\lib\javaws.jar;C:\Program Files\Java\jdk1.8.0_45\jre\lib\jce.jar;C:\Program Files\Java\jdk1.8.0_45\jre\lib\jfr.jar;C:\Program Files\Java\jdk1.8.0_45\jre\lib\jfxswt.jar;C:\Program Files\Java\jdk1.8.0_45\jre\lib\jsse.jar;C:\Program Files\Java\jdk1.8.0_45\jre\lib\management-agent.jar;C:\Program Files\Java\jdk1.8.0_45\jre\lib\plugin.jar;C:\Program Files\Java\jdk1.8.0_45\jre\lib\resources.jar;C:\Program Files\Java\jdk1.8.0_45\jre\lib\rt.jar;C:\Program Files\Java\jdk1.8.0_45\jre\lib\ext\access-bridge-64.jar;C:\Program Files\Java\jdk1.8.0_45\jre\lib\ext\cldrdata.jar;C:\Program Files\Java\jdk1.8.0_45\jre\lib\ext\dnsns.jar;C:\Program Files\Java\jdk1.8.0_45\jre\lib\ext\jaccess.jar;C:\Program Files\Java\jdk1.8.0_45\jre\lib\ext\jfxrt.jar;C:\Program Files\Java\jdk1.8.0_45\jre\lib\ext\localedata.jar;C:\Program Files\Java\jdk1.8.0_45\jre\lib\ext\nashorn.jar;C:\Program Files\Java\jdk1.8.0_45\jre\lib\ext\sunec.jar;C:\Program Files\Java\jdk1.8.0_45\jre\lib\ext\sunjce_provider.jar;C:\Program Files\Java\jdk1.8.0_45\jre\lib\ext\sunmscapi.jar;C:\Program Files\Java\jdk1.8.0_45\jre\lib\ext\sunpkcs11.jar;C:\Program Files\Java\jdk1.8.0_45\jre\lib\ext\zipfs.jar;C:\Users\osocr_000\IdeaProjects\SimpleSequentialFileCreatorForAraucarias\out\production\SimpleSequentialFileCreatorForAraucarias;C:\Program Files (x86)\JetBrains\IntelliJ IDEA 14.1.2\lib\idea_rt.jar
Launcher Type: SUN_STANDARD

Environment Variables:
PATH=C:\ProgramData\Oracle\Java\javapath;C:\oraclexe\app\oracle\product\11.2.0\server\bin;C:\Program Files (x86)\Intel\iCLS Client\;C:\Program Files\Intel\iCLS Client\;C:\WINDOWS\system32;C:\WINDOWS;C:\WINDOWS\System32\Wbem;C:\WINDOWS\System32\WindowsPowerShell\v1.0\;C:\Program Files (x86)\Intel\OpenCL SDK\2.0\bin\x86;C:\Program Files (x86)\Intel\OpenCL SDK\2.0\bin\x64;C:\Program Files\Intel\Intel(R) Management Engine Components\DAL;C:\Program Files\Intel\Intel(R) Management Engine Components\IPT;C:\Program Files (x86)\Intel\Intel(R) Management Engine Components\DAL;C:\Program Files (x86)\Intel\Intel(R) Management Engine Components\IPT;C:\ProgramData\Lenovo\ReadyApps;C:\Program Files\Intel\WiFi\bin\;C:\Program Files\Common Files\Intel\WirelessCommon\;C:\Program Files (x86)\MySQL\MySQL Fabric 1.5.4 & MySQL Utilities 1.5.4 1.5\;C:\Program Files (x86)\MySQL\MySQL Fabric 1.5.4 & MySQL Utilities 1.5.4 1.5\Doctrine extensions for PHP\;C:\Program Files (x86)\Windows Kits\8.1\Windows Performance Toolkit\;C:\Program Files\Microsoft SQL Server\110\Tools\Binn\;C:\Program Files\Microsoft\Web Platform Installer\;C:\Oracle\ODBC\instantclient_12_1;C:\Program Files\MySQL\MySQL Server 5.6\bin
USERNAME=osocr_000
OS=Windows_NT
PROCESSOR_IDENTIFIER=Intel64 Family 6 Model 58 Stepping 9, GenuineIntel



---------------  S Y S T E M  ---------------

OS: Windows 8.1 , 64 bit Build 9600 (6.3.9600.17415)

CPU:total 2 (2 cores per cpu, 1 threads per core) family 6 model 58 stepping 9, cmov, cx8, fxsr, mmx, sse, sse2, sse3, ssse3, sse4.1, sse4.2, popcnt, clmul, erms, tsc, tscinvbit, tscinv

Memory: 4k page, physical 4011212k(981528k free), swap 6370508k(849548k free)

vm_info: Java HotSpot(TM) 64-Bit Server VM (25.45-b02) for windows-amd64 JRE (1.8.0_45-b14), built on Apr 10 2015 10:34:15 by "java_re" with MS VC++ 10.0 (VS2010)

time: Sat May 09 20:05:22 2015
elapsed time: 1382 seconds (0d 0h 23m 2s)

